INFO: 2024/12/19 17:05:24 connection.go:23: Connected to the server
INFO: 2024/12/19 17:05:24 migration.go:13: Migrated tables successfully...
WARNING: 2024/12/19 17:05:36 token_validation.go:22: http: named cookie not present
INFO: 2024/12/19 17:06:31 connection.go:23: Connected to the server
INFO: 2024/12/19 17:06:31 migration.go:13: Migrated tables successfully...
WARNING: 2024/12/19 17:06:35 post.go:107: comment: unsupported relations for schema Post
INFO: 2024/12/19 17:06:59 connection.go:23: Connected to the server
INFO: 2024/12/19 17:06:59 migration.go:13: Migrated tables successfully...
WARNING: 2024/12/19 17:07:02 post.go:107: Comment: unsupported relations for schema Post
INFO: 2024/12/19 17:14:31 connection.go:23: Connected to the server
INFO: 2024/12/19 17:14:31 migration.go:13: Migrated tables successfully...
WARNING: 2024/12/19 17:14:35 post.go:107: comments: unsupported relations for schema Post
INFO: 2024/12/19 17:15:06 connection.go:23: Connected to the server
INFO: 2024/12/19 17:15:06 migration.go:13: Migrated tables successfully...
WARNING: 2024/12/19 17:15:11 post.go:107: Comment: unsupported relations for schema Post
INFO: 2024/12/19 19:25:21 connection.go:23: Connected to the server
INFO: 2024/12/19 19:25:21 migration.go:13: Migrated tables successfully...
WARNING: 2024/12/19 19:28:44 auth.go:40: user already exists
WARNING: 2024/12/19 19:30:57 token_validation.go:22: http: named cookie not present
INFO: 2024/12/19 19:32:17 connection.go:23: Connected to the server
INFO: 2024/12/19 19:32:17 migration.go:13: Migrated tables successfully...
WARNING: 2024/12/19 19:32:28 user.go:99: Key: 'User.Email' Error:Field validation for 'Email' failed on the 'required' tag
INFO: 2024/12/19 19:44:55 connection.go:23: Connected to the server
INFO: 2024/12/19 19:44:56 migration.go:13: Migrated tables successfully...
WARNING: 2024/12/19 19:45:01 user.go:93: Key: 'User.Email' Error:Field validation for 'Email' failed on the 'required' tag
WARNING: 2024/12/19 19:46:39 user.go:93: entered username is either too short or exceeded size limit
INFO: 2024/12/19 19:51:37 connection.go:23: Connected to the server
INFO: 2024/12/19 19:51:37 migration.go:13: Migrated tables successfully...
WARNING: 2024/12/19 19:52:45 auth.go:40: ERROR: duplicate key value violates unique constraint "uni_users_email" (SQLSTATE 23505)
INFO: 2024/12/19 19:53:33 connection.go:23: Connected to the server
INFO: 2024/12/19 19:53:34 migration.go:13: Migrated tables successfully...
WARNING: 2024/12/19 19:53:38 auth.go:40: user already exists
INFO: 2024/12/20 11:17:29 connection.go:23: Connected to the server
INFO: 2024/12/20 11:17:29 migration.go:13: Migrated tables successfully...
WARNING: 2024/12/20 11:19:28 post.go:51: category not found
WARNING: 2024/12/20 11:19:43 category.go:44: category already exists
WARNING: 2024/12/20 11:20:00 user.go:65: user not found
WARNING: 2024/12/20 11:20:46 auth.go:77: password didn't match
INFO: 2024/12/20 11:56:10 connection.go:23: Connected to the server
INFO: 2024/12/20 11:56:10 migration.go:13: Migrated tables successfully...
WARNING: 2024/12/20 11:56:23 auth.go:77: password didn't match
INFO: 2024/12/20 11:58:10 connection.go:23: Connected to the server
INFO: 2024/12/20 11:58:10 migration.go:13: Migrated tables successfully...
WARNING: 2024/12/20 11:58:18 token_validation.go:22: http: named cookie not present
WARNING: 2024/12/20 11:58:24 auth.go:77: password didn't match
WARNING: 2024/12/20 11:58:34 user.go:102: ERROR: duplicate key value violates unique constraint "uni_users_username" (SQLSTATE 23505)
INFO: 2024/12/20 12:00:04 connection.go:23: Connected to the server
INFO: 2024/12/20 12:00:04 migration.go:13: Migrated tables successfully...
WARNING: 2024/12/20 12:00:51 post.go:51: category not found
WARNING: 2024/12/20 12:00:51 post.go:51: category not found
WARNING: 2024/12/20 12:22:42 reply.go:112: record not found
WARNING: 2024/12/20 12:23:25 comment.go:198: record not found
WARNING: 2024/12/20 12:24:25 comment.go:113: post not found
WARNING: 2024/12/20 12:24:32 comment.go:113: post not found
WARNING: 2024/12/20 12:24:37 comment.go:113: post not found
WARNING: 2024/12/20 12:24:43 comment.go:113: post not found
WARNING: 2024/12/20 12:24:50 comment.go:113: Reply: unsupported relations for schema Comment
INFO: 2024/12/20 12:25:38 connection.go:23: Connected to the server
INFO: 2024/12/20 12:25:38 migration.go:13: Migrated tables successfully...
INFO: 2024/12/20 12:40:07 connection.go:23: Connected to the server
INFO: 2024/12/20 12:40:07 migration.go:13: Migrated tables successfully...
WARNING: 2024/12/20 12:40:12 token_validation.go:22: http: named cookie not present
WARNING: 2024/12/20 12:40:19 comment.go:113: unsupported data type: 0xc000400110: Table not set, please set it like: db.Model(&user) or db.Table("users")
WARNING: 2024/12/20 12:40:38 comment.go:113: unsupported data type: 0xc0005800b0: Table not set, please set it like: db.Model(&user) or db.Table("users")
WARNING: 2024/12/20 12:40:42 post.go:107: unsupported data type: 0xc0005801d8: Table not set, please set it like: db.Model(&user) or db.Table("users")
INFO: 2024/12/20 12:42:53 connection.go:23: Connected to the server
INFO: 2024/12/20 12:42:54 migration.go:13: Migrated tables successfully...
INFO: 2024/12/20 12:45:07 connection.go:23: Connected to the server
INFO: 2024/12/20 12:45:07 migration.go:13: Migrated tables successfully...
WARNING: 2024/12/20 12:45:26 user.go:39: unsupported data type: 0xc00050a910: Table not set, please set it like: db.Model(&user) or db.Table("users")
INFO: 2024/12/20 12:46:44 connection.go:23: Connected to the server
INFO: 2024/12/20 12:46:44 migration.go:13: Migrated tables successfully...
INFO: 2024/12/20 12:49:55 connection.go:23: Connected to the server
INFO: 2024/12/20 12:49:55 migration.go:13: Migrated tables successfully...
INFO: 2024/12/20 13:01:40 connection.go:23: Connected to the server
INFO: 2024/12/20 13:01:40 migration.go:13: Migrated tables successfully...
INFO: 2024/12/20 13:45:04 connection.go:23: Connected to the server
INFO: 2024/12/20 13:45:04 migration.go:13: Migrated tables successfully...
INFO: 2024/12/20 17:25:46 connection.go:27: Connected to the server
INFO: 2024/12/20 17:25:46 migration.go:15: Migrated tables successfully...
WARNING: 2024/12/20 17:25:51 token_validation.go:22: http: named cookie not present
WARNING: 2024/12/20 17:29:16 post.go:176: cannot update other users post
WARNING: 2024/12/20 17:33:41 category.go:43: category already exists
WARNING: 2024/12/20 17:36:31 category.go:114: category not found
INFO: 2024/12/20 18:39:52 connection.go:27: Connected to the server
INFO: 2024/12/20 18:39:52 migration.go:15: Migrated tables successfully...
WARNING: 2024/12/20 18:40:22 token_validation.go:22: http: named cookie not present
WARNING: 2024/12/20 18:41:52 comment.go:157: cannot update other users comment
INFO: 2024/12/20 19:21:01 connection.go:27: Connected to the server
INFO: 2024/12/20 19:21:01 migration.go:15: Migrated tables successfully...
WARNING: 2024/12/20 19:21:07 auth.go:40: user already exists
WARNING: 2024/12/20 19:23:15 post.go:212: record not found
WARNING: 2024/12/20 19:26:20 comment.go:196: record not found
WARNING: 2024/12/20 19:27:47 reply.go:146: record not found
INFO: 2024/12/23 13:14:20 connection.go:27: Connected to the server
INFO: 2024/12/23 13:14:21 migration.go:15: Migrated tables successfully...
INFO: 2024/12/23 13:17:21 connection.go:27: Connected to the server
INFO: 2024/12/23 13:17:21 migration.go:15: Migrated tables successfully...
INFO: 2024/12/23 13:21:22 connection.go:27: Connected to the server
INFO: 2024/12/23 13:21:22 migration.go:15: Migrated tables successfully...
INFO: 2024/12/23 13:22:28 connection.go:27: Connected to the server
INFO: 2024/12/23 13:22:29 migration.go:15: Migrated tables successfully...
INFO: 2024/12/23 13:24:58 connection.go:27: Connected to the server
INFO: 2024/12/23 13:24:58 migration.go:15: Migrated tables successfully...
INFO: 2024/12/23 13:57:32 connection.go:27: Connected to the server
INFO: 2024/12/23 13:57:33 migration.go:15: Migrated tables successfully...
INFO: 2024/12/23 13:58:34 connection.go:27: Connected to the server
INFO: 2024/12/23 13:58:34 migration.go:15: Migrated tables successfully...
INFO: 2024/12/23 15:22:06 connection.go:27: Connected to the server
INFO: 2024/12/23 15:22:06 migration.go:15: Migrated tables successfully...
INFO: 2024/12/23 15:22:55 connection.go:27: Connected to the server
INFO: 2024/12/23 15:22:55 migration.go:15: Migrated tables successfully...
INFO: 2024/12/23 15:24:47 connection.go:27: Connected to the server
INFO: 2024/12/23 15:24:47 migration.go:15: Migrated tables successfully...
INFO: 2024/12/23 15:25:07 connection.go:27: Connected to the server
INFO: 2024/12/23 15:25:07 migration.go:15: Migrated tables successfully...
INFO: 2024/12/23 15:27:41 connection.go:27: Connected to the server
INFO: 2024/12/23 15:27:41 migration.go:15: Migrated tables successfully...
INFO: 2024/12/23 15:30:12 connection.go:27: Connected to the server
INFO: 2024/12/23 15:30:12 migration.go:15: Migrated tables successfully...
INFO: 2024/12/23 15:33:32 connection.go:27: Connected to the server
INFO: 2024/12/23 15:33:32 migration.go:15: Migrated tables successfully...
INFO: 2024/12/23 15:36:07 connection.go:27: Connected to the server
INFO: 2024/12/23 15:36:07 migration.go:15: Migrated tables successfully...
INFO: 2024/12/23 15:37:45 connection.go:27: Connected to the server
INFO: 2024/12/23 15:37:45 migration.go:15: Migrated tables successfully...
INFO: 2024/12/23 15:37:55 connection.go:27: Connected to the server
INFO: 2024/12/23 15:37:55 migration.go:15: Migrated tables successfully...
INFO: 2024/12/23 15:46:38 connection.go:27: Connected to the server
INFO: 2024/12/23 15:46:38 migration.go:15: Migrated tables successfully...
INFO: 2024/12/23 15:46:46 connection.go:27: Connected to the server
INFO: 2024/12/23 15:46:46 migration.go:15: Migrated tables successfully...
INFO: 2024/12/23 15:47:44 connection.go:27: Connected to the server
INFO: 2024/12/23 15:47:44 migration.go:15: Migrated tables successfully...
INFO: 2024/12/23 15:48:27 connection.go:27: Connected to the server
INFO: 2024/12/23 15:48:27 migration.go:15: Migrated tables successfully...
INFO: 2024/12/23 16:05:03 connection.go:27: Connected to the server
INFO: 2024/12/23 16:05:03 migration.go:15: Migrated tables successfully...
INFO: 2024/12/23 16:05:16 connection.go:27: Connected to the server
INFO: 2024/12/23 16:05:16 migration.go:15: Migrated tables successfully...
INFO: 2024/12/23 16:05:55 connection.go:27: Connected to the server
INFO: 2024/12/23 16:05:55 migration.go:15: Migrated tables successfully...
INFO: 2024/12/23 16:11:14 connection.go:27: Connected to the server
INFO: 2024/12/23 16:11:14 migration.go:15: Migrated tables successfully...
INFO: 2024/12/23 16:12:14 connection.go:27: Connected to the server
INFO: 2024/12/23 16:12:14 migration.go:15: Migrated tables successfully...
INFO: 2024/12/23 16:24:01 connection.go:27: Connected to the server
INFO: 2024/12/23 16:24:01 migration.go:15: Migrated tables successfully...
INFO: 2024/12/23 16:24:57 connection.go:27: Connected to the server
INFO: 2024/12/23 16:24:57 migration.go:15: Migrated tables successfully...
INFO: 2024/12/23 16:43:56 connection.go:27: Connected to the server
INFO: 2024/12/23 16:43:57 migration.go:15: Migrated tables successfully...
INFO: 2024/12/23 16:44:53 connection.go:27: Connected to the server
INFO: 2024/12/23 16:44:53 migration.go:15: Migrated tables successfully...
INFO: 2024/12/23 16:56:35 connection.go:27: Connected to the server
INFO: 2024/12/23 16:56:36 migration.go:15: Migrated tables successfully...
INFO: 2024/12/23 17:02:44 connection.go:27: Connected to the server
INFO: 2024/12/23 17:02:44 migration.go:15: Migrated tables successfully...
INFO: 2024/12/23 17:03:12 connection.go:27: Connected to the server
INFO: 2024/12/23 17:03:13 migration.go:15: Migrated tables successfully...
INFO: 2024/12/23 17:05:53 connection.go:27: Connected to the server
INFO: 2024/12/23 17:05:53 migration.go:15: Migrated tables successfully...
INFO: 2024/12/23 17:17:15 connection.go:27: Connected to the server
INFO: 2024/12/23 17:17:15 migration.go:15: Migrated tables successfully...
INFO: 2024/12/23 17:18:12 connection.go:27: Connected to the server
INFO: 2024/12/23 17:18:12 migration.go:15: Migrated tables successfully...
INFO: 2024/12/23 17:19:05 connection.go:27: Connected to the server
INFO: 2024/12/23 17:19:06 migration.go:15: Migrated tables successfully...
INFO: 2024/12/23 17:19:26 connection.go:27: Connected to the server
INFO: 2024/12/23 17:19:26 migration.go:15: Migrated tables successfully...
INFO: 2024/12/23 17:19:37 connection.go:27: Connected to the server
INFO: 2024/12/23 17:19:37 migration.go:15: Migrated tables successfully...
INFO: 2024/12/23 17:20:53 connection.go:27: Connected to the server
INFO: 2024/12/23 17:20:53 migration.go:15: Migrated tables successfully...
INFO: 2024/12/23 17:22:26 connection.go:27: Connected to the server
INFO: 2024/12/23 17:22:26 migration.go:15: Migrated tables successfully...
INFO: 2024/12/23 17:25:58 connection.go:27: Connected to the server
INFO: 2024/12/23 17:25:58 migration.go:15: Migrated tables successfully...
WARNING: 2024/12/23 17:26:16 token_validation.go:22: http: named cookie not present
INFO: 2024/12/23 17:27:46 connection.go:27: Connected to the server
INFO: 2024/12/23 17:27:47 migration.go:15: Migrated tables successfully...
INFO: 2024/12/23 17:28:17 connection.go:27: Connected to the server
INFO: 2024/12/23 17:28:17 migration.go:15: Migrated tables successfully...
WARNING: 2024/12/23 17:28:52 auth.go:79: email cannot be empty
WARNING: 2024/12/23 17:28:53 auth.go:79: email cannot be empty
INFO: 2024/12/23 17:39:16 connection.go:27: Connected to the server
INFO: 2024/12/23 17:39:16 migration.go:15: Migrated tables successfully...
WARNING: 2024/12/23 17:39:48 auth.go:73: code=400, message=Syntax error: offset=1, error=invalid character 'e' looking for beginning of value, internal=invalid character 'e' looking for beginning of value
INFO: 2024/12/23 17:42:22 connection.go:27: Connected to the server
INFO: 2024/12/23 17:42:23 migration.go:15: Migrated tables successfully...
WARNING: 2024/12/23 17:42:58 auth.go:73: code=400, message=Syntax error: offset=2, error=invalid character 'p' looking for beginning of object key string, internal=invalid character 'p' looking for beginning of object key string
INFO: 2024/12/23 17:44:26 connection.go:27: Connected to the server
INFO: 2024/12/23 17:44:26 migration.go:15: Migrated tables successfully...
INFO: 2024/12/23 17:44:35 connection.go:27: Connected to the server
INFO: 2024/12/23 17:44:35 migration.go:15: Migrated tables successfully...
WARNING: 2024/12/23 17:45:16 auth.go:72: code=400, message=Syntax error: offset=2, error=invalid character 'e' looking for beginning of object key string, internal=invalid character 'e' looking for beginning of object key string
INFO: 2024/12/23 17:46:05 connection.go:27: Connected to the server
INFO: 2024/12/23 17:46:05 migration.go:15: Migrated tables successfully...
INFO: 2024/12/23 17:50:19 connection.go:27: Connected to the server
INFO: 2024/12/23 17:50:19 migration.go:15: Migrated tables successfully...
INFO: 2024/12/23 17:58:58 connection.go:27: Connected to the server
INFO: 2024/12/23 17:58:59 migration.go:15: Migrated tables successfully...
WARNING: 2024/12/23 17:59:03 token_validation.go:22: http: named cookie not present
WARNING: 2024/12/23 17:59:07 auth.go:97: user not found
WARNING: 2024/12/23 17:59:10 token_validation.go:22: http: named cookie not present
INFO: 2024/12/23 18:26:47 connection.go:27: Connected to the server
INFO: 2024/12/23 18:26:48 migration.go:15: Migrated tables successfully...
WARNING: 2024/12/23 18:27:07 auth.go:45: Key: 'User.Email' Error:Field validation for 'Email' failed on the 'required' tag
INFO: 2024/12/23 18:29:41 connection.go:27: Connected to the server
INFO: 2024/12/23 18:29:41 migration.go:15: Migrated tables successfully...
WARNING: 2024/12/23 18:32:39 auth.go:54: ERROR: duplicate key value violates unique constraint "uni_users_email" (SQLSTATE 23505)
INFO: 2024/12/23 18:34:40 connection.go:27: Connected to the server
INFO: 2024/12/23 18:34:40 migration.go:15: Migrated tables successfully...
INFO: 2024/12/23 18:34:48 connection.go:27: Connected to the server
INFO: 2024/12/23 18:34:48 migration.go:15: Migrated tables successfully...
WARNING: 2024/12/23 18:35:03 auth.go:105: user not found
INFO: 2024/12/23 18:56:54 connection.go:27: Connected to the server
INFO: 2024/12/23 18:56:54 migration.go:15: Migrated tables successfully...
INFO: 2024/12/23 18:57:39 connection.go:27: Connected to the server
INFO: 2024/12/23 18:57:40 migration.go:15: Migrated tables successfully...
INFO: 2024/12/23 18:57:53 connection.go:27: Connected to the server
INFO: 2024/12/23 18:57:53 migration.go:15: Migrated tables successfully...
INFO: 2024/12/23 19:00:44 connection.go:27: Connected to the server
INFO: 2024/12/23 19:00:44 migration.go:15: Migrated tables successfully...
INFO: 2024/12/23 19:02:30 connection.go:27: Connected to the server
INFO: 2024/12/23 19:02:30 migration.go:15: Migrated tables successfully...
INFO: 2024/12/23 19:02:48 connection.go:27: Connected to the server
INFO: 2024/12/23 19:02:48 migration.go:15: Migrated tables successfully...
WARNING: 2024/12/23 19:11:55 token_validation.go:22: http: named cookie not present
WARNING: 2024/12/23 19:12:01 token_validation.go:22: http: named cookie not present
WARNING: 2024/12/23 19:12:46 category.go:59: category already exists
WARNING: 2024/12/23 19:16:34 category.go:141: invalid UUID length: 13
WARNING: 2024/12/23 19:17:08 category.go:141: invalid UUID length: 13
WARNING: 2024/12/23 19:17:56 category.go:141: invalid UUID length: 13
WARNING: 2024/12/23 19:19:52 category.go:141: invalid UUID length: 13
INFO: 2024/12/23 19:25:20 connection.go:27: Connected to the server
INFO: 2024/12/23 19:25:20 migration.go:15: Migrated tables successfully...
WARNING: 2024/12/23 19:25:29 category.go:141: invalid UUID length: 13
WARNING: 2024/12/23 19:27:32 category.go:141: invalid UUID length: 13
WARNING: 2024/12/23 19:28:10 category.go:197: invalid UUID length: 13
INFO: 2024/12/23 19:30:14 connection.go:27: Connected to the server
INFO: 2024/12/23 19:30:14 migration.go:15: Migrated tables successfully...
WARNING: 2024/12/23 19:30:18 category.go:199: invalid UUID length: 13
WARNING: 2024/12/23 19:30:34 category.go:199: invalid UUID length: 13
INFO: 2024/12/23 19:31:35 connection.go:27: Connected to the server
INFO: 2024/12/23 19:31:35 migration.go:15: Migrated tables successfully...
WARNING: 2024/12/23 19:31:51 category.go:200: invalid UUID length: 13
INFO: 2024/12/23 19:44:14 connection.go:27: Connected to the server
INFO: 2024/12/23 19:44:14 migration.go:15: Migrated tables successfully...
WARNING: 2024/12/23 19:44:31 token_validation.go:22: http: named cookie not present
INFO: 2024/12/23 20:08:27 connection.go:27: Connected to the server
INFO: 2024/12/23 20:08:27 migration.go:15: Migrated tables successfully...
INFO: 2024/12/23 20:23:58 connection.go:27: Connected to the server
INFO: 2024/12/23 20:23:58 migration.go:15: Migrated tables successfully...
INFO: 2024/12/23 20:27:01 connection.go:27: Connected to the server
INFO: 2024/12/23 20:27:01 migration.go:15: Migrated tables successfully...
INFO: 2024/12/23 21:00:32 connection.go:27: Connected to the server
INFO: 2024/12/23 21:00:32 migration.go:15: Migrated tables successfully...
INFO: 2024/12/23 21:01:15 connection.go:27: Connected to the server
INFO: 2024/12/23 21:01:15 migration.go:15: Migrated tables successfully...
INFO: 2024/12/23 21:07:45 connection.go:27: Connected to the server
INFO: 2024/12/23 21:07:45 migration.go:15: Migrated tables successfully...
INFO: 2024/12/24 10:50:08 connection.go:27: Connected to the server
INFO: 2024/12/24 10:50:08 migration.go:15: Migrated tables successfully...
WARNING: 2024/12/24 10:50:33 token_validation.go:22: http: named cookie not present
INFO: 2024/12/24 12:48:09 connection.go:27: Connected to the server
INFO: 2024/12/24 12:48:09 migration.go:15: Migrated tables successfully...
INFO: 2024/12/24 12:59:33 connection.go:27: Connected to the server
INFO: 2024/12/24 12:59:34 migration.go:15: Migrated tables successfully...
WARNING: 2024/12/24 12:59:47 auth.go:104: user not found
INFO: 2024/12/26 13:08:34 connection.go:27: Connected to the server
INFO: 2024/12/26 13:08:34 migration.go:15: Migrated tables successfully...
WARNING: 2024/12/26 13:09:01 auth.go:45: Key: 'User.Email' Error:Field validation for 'Email' failed on the 'required' tag
INFO: 2024/12/30 18:29:22 connection.go:27: Connected to the server
INFO: 2024/12/30 18:29:23 migration.go:15: Migrated tables successfully...
INFO: 2024/12/30 18:29:48 connection.go:27: Connected to the server
INFO: 2024/12/30 18:29:48 migration.go:15: Migrated tables successfully...
WARNING: 2024/12/30 18:29:56 token_validation.go:22: http: named cookie not present
WARNING: 2024/12/30 18:30:01 auth.go:104: user not found
WARNING: 2024/12/30 18:30:10 auth.go:53: ERROR: duplicate key value violates unique constraint "uni_users_email" (SQLSTATE 23505)
INFO: 2024/12/30 18:33:07 connection.go:27: Connected to the server
INFO: 2024/12/30 18:33:08 migration.go:15: Migrated tables successfully...
INFO: 2024/12/30 18:35:41 connection.go:27: Connected to the server
INFO: 2024/12/30 18:35:41 migration.go:15: Migrated tables successfully...
INFO: 2024/12/30 18:37:00 connection.go:27: Connected to the server
INFO: 2024/12/30 18:37:00 migration.go:15: Migrated tables successfully...
INFO: 2024/12/30 18:37:23 connection.go:27: Connected to the server
INFO: 2024/12/30 18:37:23 migration.go:15: Migrated tables successfully...
INFO: 2024/12/30 18:38:30 connection.go:27: Connected to the server
INFO: 2024/12/30 18:38:30 migration.go:15: Migrated tables successfully...
INFO: 2024/12/30 18:39:15 connection.go:27: Connected to the server
INFO: 2024/12/30 18:39:15 migration.go:15: Migrated tables successfully...
INFO: 2024/12/30 18:39:40 connection.go:27: Connected to the server
INFO: 2024/12/30 18:39:40 migration.go:15: Migrated tables successfully...
INFO: 2024/12/30 18:40:13 connection.go:27: Connected to the server
INFO: 2024/12/30 18:40:13 migration.go:15: Migrated tables successfully...
INFO: 2024/12/30 18:40:30 connection.go:27: Connected to the server
INFO: 2024/12/30 18:40:31 migration.go:15: Migrated tables successfully...
INFO: 2024/12/30 18:41:43 connection.go:27: Connected to the server
INFO: 2024/12/30 18:41:43 migration.go:15: Migrated tables successfully...
INFO: 2024/12/30 18:44:31 connection.go:27: Connected to the server
INFO: 2024/12/30 18:44:31 migration.go:15: Migrated tables successfully...
INFO: 2024/12/30 18:45:54 connection.go:27: Connected to the server
INFO: 2024/12/30 18:45:54 migration.go:15: Migrated tables successfully...
INFO: 2024/12/30 18:47:30 connection.go:27: Connected to the server
INFO: 2024/12/30 18:47:30 migration.go:15: Migrated tables successfully...
INFO: 2024/12/30 18:48:03 connection.go:27: Connected to the server
INFO: 2024/12/30 18:48:03 migration.go:15: Migrated tables successfully...
INFO: 2024/12/30 18:50:49 connection.go:27: Connected to the server
INFO: 2024/12/30 18:50:49 migration.go:15: Migrated tables successfully...
INFO: 2024/12/30 18:53:15 connection.go:27: Connected to the server
INFO: 2024/12/30 18:53:16 migration.go:15: Migrated tables successfully...
INFO: 2024/12/30 18:54:41 connection.go:27: Connected to the server
INFO: 2024/12/30 18:54:41 migration.go:15: Migrated tables successfully...
INFO: 2024/12/30 18:55:26 connection.go:27: Connected to the server
INFO: 2024/12/30 18:55:26 migration.go:15: Migrated tables successfully...
INFO: 2024/12/30 18:57:02 connection.go:27: Connected to the server
INFO: 2024/12/30 18:57:02 migration.go:15: Migrated tables successfully...
INFO: 2024/12/30 19:01:15 connection.go:27: Connected to the server
INFO: 2024/12/30 19:01:16 migration.go:15: Migrated tables successfully...
WARNING: 2024/12/30 19:01:20 token_validation.go:22: http: named cookie not present
INFO: 2024/12/30 19:03:14 connection.go:27: Connected to the server
INFO: 2024/12/30 19:03:14 migration.go:15: Migrated tables successfully...
INFO: 2024/12/30 19:04:13 connection.go:27: Connected to the server
INFO: 2024/12/30 19:04:13 migration.go:15: Migrated tables successfully...
INFO: 2024/12/31 16:37:00 connection.go:27: Connected to the server
INFO: 2024/12/31 16:37:01 migration.go:15: Migrated tables successfully...
